
================== ASTRAL ===================== 

This is ASTRAL version 5.7.1
Gene trees are treated as unrooted
468 trees read from all.gene.tre
All output trees will be *arbitrarily* rooted at Cloeon_dipterum

======== Running the main analysis
Number of taxa: 48 (48 species)
Taxa: [Cloeon_dipterum, Acerentomon_sp, Sinentomon_erythranum, Campodea_augens, Lepidocampa_weberi, Catajapyx_aquilonaris, Occasjapyx_japonicus, Octostigma_sinensis, Thalassaphorura_encarpata, Sinella_curviseta, Lipothrix_lubbocki, Pseudachorutes_palmiensis, Oncopodura_yosiiana, Neelides_sp, Penaeus_vannamei, Daphnia_magna, Apis_mellifera, Tigriopus_japonicus, Machilis_hrabei, Meinertellus_cundinamarcensis, Zootermopsis_nevadensis, Capnura_wanica, Thrips_palmi, Apachyus_charteceus, Tanzaniophasma_sp, Galloisiana_yuasai, Plectrocnemia_conspersa, Anopheles_arabiensis, Boreus_hyemalis, Mantispa_styriaca, Inocellia_crassicornis, Protohermes_xanthodes, Oropsylla_silantiewi, Bombyx_mori, Timema_cristinae, Ptilocerembia_catherinae, Laupala_kohalensis, Zorotypus_caudelli, Calopteryx_splendens, Rhopalosiphum_maidis, Thermobia_domestica, Pediculus_humanus, Coccinella_septempunctata, Tricholepidion_gertschi, Acontista_multicolor, Pseudobourletiella_spinata, Atelura_formicaria, Stylops_melittae]
Taxon occupancy: {Ptilocerembia_catherinae=395, Timema_cristinae=452, Catajapyx_aquilonaris=451, Zorotypus_caudelli=416, Boreus_hyemalis=446, Laupala_kohalensis=454, Thermobia_domestica=437, Meinertellus_cundinamarcensis=384, Sinentomon_erythranum=386, Capnura_wanica=430, Atelura_formicaria=418, Daphnia_magna=457, Sinella_curviseta=456, Tricholepidion_gertschi=387, Lipothrix_lubbocki=432, Apachyus_charteceus=410, Thrips_palmi=456, Pseudobourletiella_spinata=434, Bombyx_mori=461, Campodea_augens=439, Anopheles_arabiensis=462, Oropsylla_silantiewi=449, Zootermopsis_nevadensis=463, Thalassaphorura_encarpata=421, Apis_mellifera=468, Inocellia_crassicornis=427, Coccinella_septempunctata=424, Tigriopus_japonicus=448, Oncopodura_yosiiana=438, Calopteryx_splendens=456, Neelides_sp=446, Pediculus_humanus=461, Protohermes_xanthodes=449, Pseudachorutes_palmiensis=441, Galloisiana_yuasai=406, Acontista_multicolor=436, Penaeus_vannamei=390, Lepidocampa_weberi=434, Stylops_melittae=369, Machilis_hrabei=393, Acerentomon_sp=404, Plectrocnemia_conspersa=459, Occasjapyx_japonicus=447, Mantispa_styriaca=450, Cloeon_dipterum=455, Rhopalosiphum_maidis=448, Octostigma_sinensis=435, Tanzaniophasma_sp=361}
Number of gene trees: 468
433 trees have missing taxa
Calculating quartet distance matrix (for completion of X)
Species tree distances calculated ...
Will attempt to complete bipartitions from X before adding using a distance matrix.
Building set of clusters (X) from gene trees 
------------------------------
gradient0: 11455
Number of Clusters after addition by distance: 11455
calculating extra bipartitions to be added at level 1 ...
Adding to X using resolutions of greedy consensus ...
Limit for sigma of degrees:1250
polytomy size limit : 22
discarded polytomies:  [3, 3, 3, 4, 4, 4, 4, 5, 5, 15, 22]
Threshold 0.0:
Threshold 0.01:
Threshold 0.02:
Threshold 0.05:
polytomy of size 3; rounds with additions with at least 5 support: 0; clusters: 11455
polytomy of size 4; rounds with additions with at least 5 support: 0; clusters: 11455
Threshold 0.1:
polytomy of size 3; rounds with additions with at least 5 support: 0; clusters: 11455
polytomy of size 5; rounds with additions with at least 5 support: 0; clusters: 11455
polytomy of size 4; rounds with additions with at least 5 support: 0; clusters: 11455
polytomy of size 3; rounds with additions with at least 5 support: 0; clusters: 11455
Threshold 0.2:
polytomy of size 4; rounds with additions with at least 5 support: 0; clusters: 11455
polytomy of size 5; rounds with additions with at least 5 support: 0; clusters: 11455
polytomy of size 15; rounds with additions with at least 5 support: 0; clusters: 11455
Threshold 0.3333333333333333:
polytomy of size 4; rounds with additions with at least 5 support: 0; clusters: 11455
polytomy of size 22; rounds with additions with at least 5 support: 0; clusters: 11455
max k is :0
Number of Clusters after addition by greedy: 11455
gradient0 in heuristiic: 11455
partitions formed in 3.102 secs
Dynamic Programming starting after 3.102 secs
Using tree-based weight calculation.
Using polytree-based weight calculation.
Polytree max score: 67117669
Polytree building time: 0.097 seconds.
Number of quartet trees in the gene trees: 67117669
Size of largest cluster: 48
Greedy score: 45217824
estimationFactor: 1.4843188606333644
Sub-optimal score: 46977133
Total Number of elements weighted: 42564
Normalized score (portion of input quartet trees satisfied before correcting for multiple individuals): 0.7355961959882725
Optimization score: 49371502
Optimal tree inferred in 36.888 secs.
(Lepidocampa_weberi,(Campodea_augens,((Octostigma_sinensis,(Catajapyx_aquilonaris,Occasjapyx_japonicus)),(((Thalassaphorura_encarpata,Pseudachorutes_palmiensis),((Sinella_curviseta,Oncopodura_yosiiana),(Neelides_sp,(Lipothrix_lubbocki,Pseudobourletiella_spinata)))),((Acerentomon_sp,Sinentomon_erythranum),((Daphnia_magna,(Penaeus_vannamei,Tigriopus_japonicus)),((Machilis_hrabei,Meinertellus_cundinamarcensis),((Tricholepidion_gertschi,(Thermobia_domestica,Atelura_formicaria)),(Cloeon_dipterum,(Calopteryx_splendens,((Apachyus_charteceus,(Zorotypus_caudelli,(Laupala_kohalensis,(Capnura_wanica,((Timema_cristinae,Ptilocerembia_catherinae),((Zootermopsis_nevadensis,Acontista_multicolor),(Tanzaniophasma_sp,Galloisiana_yuasai))))))),(Thrips_palmi,(Rhopalosiphum_maidis,(Pediculus_humanus,(Apis_mellifera,(((Plectrocnemia_conspersa,Bombyx_mori),(Anopheles_arabiensis,(Boreus_hyemalis,Oropsylla_silantiewi))),((Coccinella_septempunctata,Stylops_melittae),(Inocellia_crassicornis,(Mantispa_styriaca,Protohermes_xanthodes)))))))))))))))))));
Final quartet score is: 49371502
Final normalized quartet score is: 0.7355961959882725
(Cloeon_dipterum,((Calopteryx_splendens,((Apachyus_charteceus,(Zorotypus_caudelli,(Laupala_kohalensis,(Capnura_wanica,((Timema_cristinae,Ptilocerembia_catherinae)1:0.27410164567780365,((Zootermopsis_nevadensis,Acontista_multicolor)1:0.9367006809518105,(Tanzaniophasma_sp,Galloisiana_yuasai)1:0.5557521732142445)0.52:0.08729638872481178)0.99:0.10191559820332165)1:0.17822813321129993)1:0.15598125396722748)0.99:0.11274790058224679)1:0.3380692367311351,(Thrips_palmi,(Rhopalosiphum_maidis,(Pediculus_humanus,(Apis_mellifera,(((Plectrocnemia_conspersa,Bombyx_mori)1:1.2850246313161198,(Anopheles_arabiensis,(Boreus_hyemalis,Oropsylla_silantiewi)1:1.6271752658649412)1:0.30462688070502886)1:0.4607937786484514,((Coccinella_septempunctata,Stylops_melittae)1:0.17190768765129164,(Inocellia_crassicornis,(Mantispa_styriaca,Protohermes_xanthodes)1:0.18287683283280323)1:1.3859561797176112)1:0.25998151735380687)1:0.6001973976089113)1:0.45147663971492213)0.48:0.019965231538852025)0.53:0.02470259626368571)1:0.11207418428313563)1:0.36847228471318066)0.97:0.0819846585158914,((Tricholepidion_gertschi,(Thermobia_domestica,Atelura_formicaria)1:0.2072114282938765)1:1.0735645676076342,((Machilis_hrabei,Meinertellus_cundinamarcensis)1:3.3074755269791294,((Daphnia_magna,(Penaeus_vannamei,Tigriopus_japonicus)0.99:0.11669266197806757)1:0.207598487070899,((Acerentomon_sp,Sinentomon_erythranum)1:1.8307024276751471,(((Thalassaphorura_encarpata,Pseudachorutes_palmiensis)1:0.590171623653361,((Sinella_curviseta,Oncopodura_yosiiana)1:0.18922086612179154,(Neelides_sp,(Lipothrix_lubbocki,Pseudobourletiella_spinata)1:2.396935978888123)0.98:0.09027997077804607)0.47:0.03719472412099956)1:3.411667866936886,((Octostigma_sinensis,(Catajapyx_aquilonaris,Occasjapyx_japonicus)1:3.3914130280226398)1:0.21977851328460227,(Campodea_augens,Lepidocampa_weberi)1:2.8557533086195948)1:0.9612117963756637)1:0.11469441847187518)0.53:0.025118078706915636)1:0.6933326063351785)1:0.6142631401638976)1:0.18392605295257222));
Weight calculation took 31.920416726 secs
ASTRAL finished in 37.438 secs
