IQ-TREE multicore version 2.0.7 for Linux 64-bit built Jun 17 2020
Developed by Bui Quang Minh, Nguyen Lam Tung, Olga Chernomor,
Heiko Schmidt, Dominik Schrempf, Michael Woodhams.

Host:    zf-Super-Server (AVX2, FMA3, 1763 GB RAM)
Command: iqtree -s FcC_supermatrix.fas -ft guide_P_basel.treefile -m LG+C60+F+R -B 1000 -alrt 1000 -T 30
Seed:    587285 (Using SPRNG - Scalable Parallel Random Number Generator)
Time:    Fri Oct 29 17:25:25 2021
Kernel:  AVX+FMA - 30 threads (256 CPU cores detected)

Reading alignment file FcC_supermatrix.fas ... Fasta format detected
Alignment most likely contains protein sequences
WARNING: 1 sites contain only gaps or ambiguous characters.
Alignment has 48 sequences with 342252 columns, 307851 distinct patterns
277179 parsimony-informative, 550 singleton sites, 64523 constant sites
                               Gap/Ambiguity  Composition  p-value
   1  Acontista_multicolor            29.82%    failed      0.00%
   2  Bombyx_mori                     21.31%    failed      0.00%
   3  Occasjapyx_japonicus            27.25%    failed      0.00%
   4  Pediculus_humanus               21.61%    failed      0.00%
   5  Thalassaphorura_encarpata       35.21%    failed      0.00%
   6  Galloisiana_yuasai              39.66%    failed      0.00%
   7  Plectrocnemia_conspersa         22.98%    failed      0.00%
   8  Timema_cristinae                23.20%    failed      0.00%
   9  Apachyus_charteceus             38.06%    failed      0.00%
  10  Protohermes_xanthodes           22.41%    failed      0.00%
  11  Neelides_sp                     28.15%    failed      0.00%
  12  Meinertellus_cundinamarcensis   43.89%    failed      0.00%
  13  Inocellia_crassicornis          32.34%    failed      0.00%
  14  Thermobia_domestica             28.49%    failed      0.00%
  15  Tigriopus_japonicus             19.90%    failed      0.00%
  16  Machilis_hrabei                 38.24%    failed      0.00%
  17  Octostigma_sinensis             25.94%    failed      0.00%
  18  Penaeus_vannamei                32.90%    failed      0.00%
  19  Acerentomon_sp                  35.81%    failed      0.00%
  20  Tanzaniophasma_sp               45.50%    failed      0.00%
  21  Pseudobourletiella_spinata      26.86%    failed      0.00%
  22  Stylops_melittae                42.41%    failed      0.00%
  23  Coccinella_septempunctata       28.68%    failed      0.00%
  24  Rhopalosiphum_maidis            25.12%    failed      0.00%
  25  Daphnia_magna                   19.96%    failed      0.00%
  26  Cloeon_dipterum                 21.75%    failed      0.00%
  27  Catajapyx_aquilonaris           23.29%    failed      0.00%
  28  Sinentomon_erythranum           40.32%    failed      0.00%
  29  Laupala_kohalensis              20.19%    failed      0.00%
  30  Boreus_hyemalis                 26.18%    failed      0.00%
  31  Capnura_wanica                  29.26%    failed      0.00%
  32  Calopteryx_splendens            22.76%    failed      0.00%
  33  Oropsylla_silantiewi            24.67%    failed      0.00%
  34  Oncopodura_yosiiana             28.81%    failed      0.00%
  35  Zootermopsis_nevadensis         18.72%    failed      0.00%
  36  Anopheles_arabiensis            17.22%    failed      0.00%
  37  Pseudachorutes_palmiensis       22.86%    failed      0.00%
  38  Campodea_augens                 29.94%    failed      0.00%
  39  Mantispa_styriaca               27.34%    failed      0.00%
  40  Lepidocampa_weberi              31.00%    failed      0.00%
  41  Thrips_palmi                    18.83%    failed      0.00%
  42  Lipothrix_lubbocki              30.98%    failed      0.00%
  43  Ptilocerembia_catherinae        40.42%    failed      0.00%
  44  Zorotypus_caudelli              36.02%    failed      0.00%
  45  Sinella_curviseta               19.26%    failed      0.00%
  46  Tricholepidion_gertschi         42.04%    failed      0.00%
  47  Atelura_formicaria              33.04%    failed      0.00%
  48  Apis_mellifera                  19.53%    failed      0.00%
****  TOTAL                           28.75%  48 sequences failed composition chi2 test (p-value<5%; df=19)

===> COMPUTING SITE FREQUENCY MODEL BASED ON TREE FILE guide_P_basel.treefile
Model LG+C60+F+R is alias for LG+POISSON+G+FMIX{C60pi1:1:0.0169698865,C60pi2:1:0.0211683374,C60pi3:1:0.0276589079,C60pi4:1:0.0065675964,C60pi5:1:0.0141221416,C60pi6:1:0.0068774834,C60pi7:1:0.0146909701,C60pi8:1:0.0067225777,C60pi9:1:0.0018396660,C60pi10:1:0.0102547197,C60pi11:1:0.0230896163,C60pi12:1:0.0057941033,C60pi13:1:0.0125394534,C60pi14:1:0.0204526478,C60pi15:1:0.0070629602,C60pi16:1:0.0117982741,C60pi17:1:0.0068334668,C60pi18:1:0.0433775839,C60pi19:1:0.0318278731,C60pi20:1:0.0222546108,C60pi21:1:0.0102264969,C60pi22:1:0.0150545891,C60pi23:1:0.0134159878,C60pi24:1:0.0148552065,C60pi25:1:0.0239111516,C60pi26:1:0.0128776278,C60pi27:1:0.0222318842,C60pi28:1:0.0247444742,C60pi29:1:0.0214274810,C60pi30:1:0.0115001882,C60pi31:1:0.0076017389,C60pi32:1:0.0130258568,C60pi33:1:0.0093701965,C60pi34:1:0.0467194264,C60pi35:1:0.0441940314,C60pi36:1:0.0322263154,C60pi37:1:0.0402999891,C60pi38:1:0.0150234227,C60pi39:1:0.0104589903,C60pi40:1:0.0214742395,C60pi41:1:0.0154957836,C60pi42:1:0.0101789953,C60pi43:1:0.0227980379,C60pi44:1:0.0123204539,C60pi45:1:0.0066777583,C60pi46:1:0.0004150083,C60pi47:1:0.0344385130,C60pi48:1:0.0113663379,C60pi49:1:0.0127143049,C60pi50:1:0.0124323741,C60pi51:1:0.0262124415,C60pi52:1:0.0064994957,C60pi53:1:0.0103203293,C60pi54:1:0.0142463512,C60pi55:1:0.0215600067,C60pi56:1:0.0199150700,C60pi57:1:0.0038964200,C60pi58:1:0.0113448855,C60pi59:1:0.0128595846,C60pi60:1:0.0117656776}+F+R
WARNING: Both Gamma and FreeRate models were specified, continue with FreeRate model
NOTE: 558253 MB RAM is required!
1. Initial log-likelihood: -16732621.131
2. Current log-likelihood: -16526181.732
3. Current log-likelihood: -16517037.978
4. Current log-likelihood: -16512844.069
5. Current log-likelihood: -16510181.345
6. Current log-likelihood: -16508321.096
7. Current log-likelihood: -16507008.185
8. Current log-likelihood: -16506110.648
9. Current log-likelihood: -16505640.912
10. Current log-likelihood: -16505530.190
11. Current log-likelihood: -16505513.341
12. Current log-likelihood: -16505511.094
13. Current log-likelihood: -16505510.279
14. Current log-likelihood: -16505510.080
15. Current log-likelihood: -16505509.939
Optimal log-likelihood: -16505509.817
Mixture weights: 0.430 0.016 0.005 0.008 0.005 0.017 0.008 0.002 0.003 0.004 0.018 0.021 0.007 0.003 0.004 0.000 0.004 0.028 0.016 0.004 0.003 0.001 0.026 0.007 0.002 0.008 0.013 0.020 0.015 0.014 0.027 0.010 0.006 0.018 0.015 0.019 0.007 0.002 0.017 0.003 0.007 0.003 0.006 0.013 0.015 0.010 0.000 0.005 0.006 0.003 0.004 0.006 0.024 0.004 0.018 0.009 0.003 0.004 0.017 0.006 0.002
Site proportion and rates:  (0.125,0.001) (0.286,0.220) (0.319,0.821) (0.270,2.502)
Parameters optimization took 15 rounds (110006.954 sec)
Computing posterior mean site frequencies....
Site state frequency vectors printed to FcC_supermatrix.fas.sitefreq

===> CONTINUE ANALYSIS USING THE INFERRED SITE FREQUENCY MODEL
NOTE: minimal branch length is reduced to 0.000000292182 for long alignment

Create initial parsimony tree by phylogenetic likelihood library (PLL)... 9.244 seconds
Generating 1000 samples for ultrafast bootstrap (seed: 587285)...
Model LG+C60+F+R is alias for LG+POISSON+G+FMIX{C60pi1:1:0.0169698865,C60pi2:1:0.0211683374,C60pi3:1:0.0276589079,C60pi4:1:0.0065675964,C60pi5:1:0.0141221416,C60pi6:1:0.0068774834,C60pi7:1:0.0146909701,C60pi8:1:0.0067225777,C60pi9:1:0.0018396660,C60pi10:1:0.0102547197,C60pi11:1:0.0230896163,C60pi12:1:0.0057941033,C60pi13:1:0.0125394534,C60pi14:1:0.0204526478,C60pi15:1:0.0070629602,C60pi16:1:0.0117982741,C60pi17:1:0.0068334668,C60pi18:1:0.0433775839,C60pi19:1:0.0318278731,C60pi20:1:0.0222546108,C60pi21:1:0.0102264969,C60pi22:1:0.0150545891,C60pi23:1:0.0134159878,C60pi24:1:0.0148552065,C60pi25:1:0.0239111516,C60pi26:1:0.0128776278,C60pi27:1:0.0222318842,C60pi28:1:0.0247444742,C60pi29:1:0.0214274810,C60pi30:1:0.0115001882,C60pi31:1:0.0076017389,C60pi32:1:0.0130258568,C60pi33:1:0.0093701965,C60pi34:1:0.0467194264,C60pi35:1:0.0441940314,C60pi36:1:0.0322263154,C60pi37:1:0.0402999891,C60pi38:1:0.0150234227,C60pi39:1:0.0104589903,C60pi40:1:0.0214742395,C60pi41:1:0.0154957836,C60pi42:1:0.0101789953,C60pi43:1:0.0227980379,C60pi44:1:0.0123204539,C60pi45:1:0.0066777583,C60pi46:1:0.0004150083,C60pi47:1:0.0344385130,C60pi48:1:0.0113663379,C60pi49:1:0.0127143049,C60pi50:1:0.0124323741,C60pi51:1:0.0262124415,C60pi52:1:0.0064994957,C60pi53:1:0.0103203293,C60pi54:1:0.0142463512,C60pi55:1:0.0215600067,C60pi56:1:0.0199150700,C60pi57:1:0.0038964200,C60pi58:1:0.0113448855,C60pi59:1:0.0128595846,C60pi60:1:0.0117656776}+F+R
WARNING: Both Gamma and FreeRate models were specified, continue with FreeRate model

NOTE: 13172 MB RAM (12 GB) is required!
Estimate model parameters (epsilon = 0.100)
1. Initial log-likelihood: -16456424.441
2. Current log-likelihood: -15751179.451
3. Current log-likelihood: -15724821.316
4. Current log-likelihood: -15720010.542
5. Current log-likelihood: -15718605.638
6. Current log-likelihood: -15718416.360
7. Current log-likelihood: -15718415.197
Optimal log-likelihood: -15718415.171
Site proportion and rates:  (0.130,0.001) (0.279,0.210) (0.315,0.813) (0.276,2.487)
Parameters optimization took 7 rounds (7754.277 sec)
Computing ML distances based on estimated model parameters... 3883.633 sec
Computing BIONJ tree...
0.003 seconds
Log-likelihood of BIONJ tree: -15705962.366
--------------------------------------------------------------------
|             INITIALIZING CANDIDATE TREE SET                      |
--------------------------------------------------------------------
Generating 98 parsimony trees... 941.121 second
Computing log-likelihood of 98 initial trees ... 3671.730 seconds
Current best score: -15705962.366

Do NNI search on 20 best initial trees
Estimate model parameters (epsilon = 0.100)
BETTER TREE FOUND at iteration 1: -15702821.627
Iteration 10 / LogL: -15702831.509 / Time: 5h:21m:9s
Iteration 20 / LogL: -15702825.599 / Time: 7h:10m:24s
Finish initializing candidate tree set (2)
Current best tree score: -15702821.627 / CPU time: 17541.353
Number of iterations: 20
--------------------------------------------------------------------
|               OPTIMIZING CANDIDATE TREE SET                      |
--------------------------------------------------------------------
Iteration 30 / LogL: -15704591.236 / Time: 8h:31m:17s (20h:51m:21s left)
Iteration 40 / LogL: -15702824.104 / Time: 11h:45m:16s (18h:22m:51s left)
Iteration 50 / LogL: -15704596.564 / Time: 16h:49m:29s (17h:30m:30s left)
Log-likelihood cutoff on original alignment: -15702934.142
Iteration 60 / LogL: -15705128.831 / Time: 17h:9m:50s (11h:55m:32s left)
Iteration 70 / LogL: -15704588.999 / Time: 17h:27m:39s (7h:50m:36s left)
Iteration 80 / LogL: -15704588.773 / Time: 17h:47m:39s (4h:43m:45s left)
Iteration 90 / LogL: -15702833.368 / Time: 18h:8m:30s (2h:14m:30s left)
Iteration 100 / LogL: -15704610.759 / Time: 18h:30m:47s (0h:11m:13s left)
Log-likelihood cutoff on original alignment: -15702934.142
NOTE: Bootstrap correlation coefficient of split occurrence frequencies: 1.000
TREE SEARCH COMPLETED AFTER 102 ITERATIONS / Time: 18h:34m:30s

--------------------------------------------------------------------
|                    FINALIZING TREE SEARCH                        |
--------------------------------------------------------------------
Performs final model parameters optimization
Estimate model parameters (epsilon = 0.010)
1. Initial log-likelihood: -15702821.627
Optimal log-likelihood: -15702821.625
Site proportion and rates:  (0.130,0.001) (0.280,0.210) (0.315,0.814) (0.275,2.490)
Parameters optimization took 1 rounds (69.301 sec)
BEST SCORE FOUND : -15702821.625

Testing tree branches by SH-like aLRT with 1000 replicates...
44.550 sec.
Creating bootstrap support values...
Split supports printed to NEXUS file FcC_supermatrix.fas.splits.nex
Total tree length: 33.969

Total number of iterations: 102
CPU time used for tree search: 1600855.660 sec (444h:40m:55s)
Wall-clock time used for tree search: 58587.550 sec (16h:16m:27s)
Total CPU time used: 1782119.141 sec (495h:1m:59s)
Total wall-clock time used: 66986.749 sec (18h:36m:26s)

Computing bootstrap consensus tree...
Reading input file FcC_supermatrix.fas.splits.nex...
48 taxa and 96 splits.
Consensus tree written to FcC_supermatrix.fas.contree
Reading input trees file FcC_supermatrix.fas.contree
Log-likelihood of consensus tree: -15702821.626

Analysis results written to: 
  IQ-TREE report:                FcC_supermatrix.fas.iqtree
  Maximum-likelihood tree:       FcC_supermatrix.fas.treefile
  Likelihood distances:          FcC_supermatrix.fas.mldist

Ultrafast bootstrap approximation results written to:
  Split support values:          FcC_supermatrix.fas.splits.nex
  Consensus tree:                FcC_supermatrix.fas.contree
  Screen log file:               FcC_supermatrix.fas.log

Date and Time: Sun Oct 31 18:39:33 2021
